Start testing: Jun 20 17:54 EDT
----------------------------------------------------------
1/1 Testing: Tests.exe
1/1 Test: Tests.exe
Command: "/usr/bin/mpiexec" "-np" "1" "/home/calistabiondic/Documents/Prep Work/NNLS/build/test/Tests.exe"
Directory: /home/calistabiondic/Documents/Prep Work/NNLS/build/test
"Tests.exe" start time: Jun 20 17:54 EDT
Output:
----------------------------------------------------------
 Test 1 
 Matrix A 
Epetra::CrsMatrix
Number of Global Rows        = 4
Number of Global Cols        = 2
Number of Global Diagonals   = 2
Number of Global Nonzeros    = 8
Global Maximum Num Entries   = 2

Number of My Rows        = 4
Number of My Cols        = 2
Number of My Diagonals   = 2
Number of My Nonzeros    = 8
My Maximum Num Entries   = 2

   Processor    Row Index    Col Index           Value     
       0             0             0                       1    
       0             0             1                       1    
       0             1             0                       2    
       0             1             1                       4    
       0             2             0                       3    
       0             2             1                       9    
       0             3             0                       4    
       0             3             1                      16    

 Vector b 
Epetra::Vector     MyPID           GID               Value  
         0             0                     0.6
         0             1                     2.2
         0             2                     4.8
         0             3                     8.4

 Solution x 
Epetra::Vector     MyPID           GID               Value  
         0             0                     0.1
         0             1                     0.5

<end of output>
Test time =   0.37 sec
----------------------------------------------------------
Test Passed.
"Tests.exe" end time: Jun 20 17:54 EDT
"Tests.exe" time elapsed: 00:00:00
----------------------------------------------------------

End testing: Jun 20 17:54 EDT
