Start testing: Jun 20 15:17 EDT
----------------------------------------------------------
1/1 Testing: Tests.exe
1/1 Test: Tests.exe
Command: "/usr/bin/mpiexec" "-np" "1" "/home/calistabiondic/Documents/Prep Work/NNLS/build/test/Tests.exe"
Directory: /home/calistabiondic/Documents/Prep Work/NNLS/build/test
"Tests.exe" start time: Jun 20 15:17 EDT
Output:
----------------------------------------------------------
 Test 1 
 Matrix A 
Epetra::CrsMatrix
Number of Global Rows        = 4
Number of Global Cols        = 3
Number of Global Diagonals   = 3
Number of Global Nonzeros    = 12
Global Maximum Num Entries   = 3

Number of My Rows        = 4
Number of My Cols        = 3
Number of My Diagonals   = 3
Number of My Nonzeros    = 12
My Maximum Num Entries   = 3

   Processor    Row Index    Col Index           Value     
       0             0             0                       1    
       0             0             1                       1    
       0             0             2                       1    
       0             1             0                       2    
       0             1             1                       4    
       0             1             2                       8    
       0             2             0                       3    
       0             2             1                       9    
       0             2             2                      27    
       0             3             0                       4    
       0             3             1                      16    
       0             3             2                      64    

 Vector b 
Epetra::Vector     MyPID           GID               Value  
         0             0                    0.73
         0             1                    3.24
         0             2                    8.31
         0             3                   16.72

42
1
0
map madeEpetra::CrsMatrix
Number of Global Rows        = 4
Number of Global Cols        = 1
Number of Global Diagonals   = 1
Number of Global Nonzeros    = 4
Global Maximum Num Entries   = 1
 ** Matrix is Lower Triangular **

Number of My Rows        = 4
Number of My Cols        = 1
Number of My Diagonals   = 1
Number of My Nonzeros    = 4
My Maximum Num Entries   = 1

   Processor    Row Index    Col Index           Value     
       0             0             0                       1    
       0             1             0                       8    
       0             2             0                      27    
       0             3             0                      64    

42
1
0
map madeEpetra::CrsMatrix
Number of Global Rows        = 4
Number of Global Cols        = 2
Number of Global Diagonals   = 2
Number of Global Nonzeros    = 8
Global Maximum Num Entries   = 2

Number of My Rows        = 4
Number of My Cols        = 2
Number of My Diagonals   = 2
Number of My Nonzeros    = 8
My Maximum Num Entries   = 2

   Processor    Row Index    Col Index           Value     
       0             0             0                       1    
       0             0             1                       1    
       0             1             0                       8    
       0             1             1                       4    
       0             2             0                      27    
       0             2             1                       9    
       0             3             0                      64    
       0             3             1                      16    

42
1
0
map madeEpetra::CrsMatrix
Number of Global Rows        = 4
Number of Global Cols        = 3
Number of Global Diagonals   = 3
Number of Global Nonzeros    = 12
Global Maximum Num Entries   = 3

Number of My Rows        = 4
Number of My Cols        = 3
Number of My Diagonals   = 3
Number of My Nonzeros    = 12
My Maximum Num Entries   = 3

   Processor    Row Index    Col Index           Value     
       0             0             0                       1    
       0             0             1                       1    
       0             0             2                       1    
       0             1             0                       8    
       0             1             1                       4    
       0             1             2                       2    
       0             2             0                      27    
       0             2             1                       9    
       0             2             2                       3    
       0             3             0                      64    
       0             3             1                      16    
       0             3             2                       4    

 Solution x 
Epetra::Vector     MyPID           GID               Value  
         0             0                     0.1
         0             1                     0.5
         0             2                    0.13

1
<end of output>
Test time =   0.43 sec
----------------------------------------------------------
Test Passed.
"Tests.exe" end time: Jun 20 15:17 EDT
"Tests.exe" time elapsed: 00:00:00
----------------------------------------------------------

End testing: Jun 20 15:17 EDT
